This file contains any messages produced by compilers while
running configure, to aid debugging if configure makes a mistake.

It was created by xneur configure 0.19.0, which was
generated by GNU Autoconf 2.69.  Invocation command line was

  $ ./configure --no-create --no-recursion

## --------- ##
## Platform. ##
## --------- ##

hostname = nicknout
uname -m = i686
uname -r = 3.2.0-25-generic-pae
uname -s = Linux
uname -v = #40-Ubuntu SMP Wed May 23 22:11:24 UTC 2012

/usr/bin/uname -p = unknown
/bin/uname -X     = unknown

/bin/arch              = unknown
/usr/bin/arch -k       = unknown
/usr/convex/getsysinfo = unknown
/usr/bin/hostinfo      = unknown
/bin/machine           = unknown
/usr/bin/oslevel       = unknown
/bin/universe          = unknown

PATH: /usr/local/bin
PATH: /usr/bin
PATH: /bin
PATH: /usr/games
PATH: ~/Android/Sdk/build-tools/21.1.2


## ----------- ##
## Core tests. ##
## ----------- ##

configure:2371: checking for a BSD-compatible install
configure:2439: result: /usr/bin/install -c
configure:2450: checking whether build environment is sane
configure:2500: result: yes
configure:2641: checking for a thread-safe mkdir -p
configure:2680: result: /bin/mkdir -p
configure:2693: checking for gawk
configure:2723: result: no
configure:2693: checking for mawk
configure:2709: found /usr/bin/mawk
configure:2720: result: mawk
configure:2731: checking whether make sets $(MAKE)
configure:2753: result: yes
configure:2869: checking build system type
configure:2883: result: i686-pc-linux-gnu
configure:2903: checking host system type
configure:2916: result: i686-pc-linux-gnu
configure:2957: checking how to print strings
configure:2984: result: printf
configure:3017: checking for style of include used by make
configure:3045: result: GNU
configure:3116: checking for gcc
configure:3132: found /usr/bin/gcc
configure:3143: result: gcc
configure:3372: checking for C compiler version
configure:3381: gcc --version >&5
gcc (Ubuntu 5.3.1-9ubuntu3) 5.3.1 20160222
Copyright (C) 2015 Free Software Foundation, Inc.
This is free software; see the source for copying conditions.  There is NO
warranty; not even for MERCHANTABILITY or FITNESS FOR A PARTICULAR PURPOSE.

configure:3392: $? = 0
configure:3381: gcc -v >&5
Using built-in specs.
COLLECT_GCC=gcc
COLLECT_LTO_WRAPPER=/usr/lib/gcc/i686-linux-gnu/5/lto-wrapper
Target: i686-linux-gnu
Configured with: ../src/configure -v --with-pkgversion='Ubuntu 5.3.1-9ubuntu3' --with-bugurl=file:///usr/share/doc/gcc-5/README.Bugs --enable-languages=c,ada,c++,java,go,d,fortran,objc,obj-c++ --prefix=/usr --program-suffix=-5 --enable-shared --enable-linker-build-id --libexecdir=/usr/lib --without-included-gettext --enable-threads=posix --libdir=/usr/lib --enable-nls --with-sysroot=/ --enable-clocale=gnu --enable-libstdcxx-debug --enable-libstdcxx-time=yes --with-default-libstdcxx-abi=new --enable-gnu-unique-object --disable-vtable-verify --enable-libmpx --enable-plugin --with-system-zlib --disable-browser-plugin --enable-java-awt=gtk --enable-gtk-cairo --with-java-home=/usr/lib/jvm/java-1.5.0-gcj-5-i386/jre --enable-java-home --with-jvm-root-dir=/usr/lib/jvm/java-1.5.0-gcj-5-i386 --with-jvm-jar-dir=/usr/lib/jvm-exports/java-1.5.0-gcj-5-i386 --with-arch-directory=i386 --with-ecj-jar=/usr/share/java/eclipse-ecj.jar --enable-objc-gc --enable-targets=all --enable-multiarch --disable-werror --with-arch-32=i686 --with-multilib-list=m32,m64,mx32 --enable-multilib --with-tune=generic --enable-checking=release --build=i686-linux-gnu --host=i686-linux-gnu --target=i686-linux-gnu
Thread model: posix
gcc version 5.3.1 20160222 (Ubuntu 5.3.1-9ubuntu3) 
configure:3392: $? = 0
configure:3381: gcc -V >&5
gcc: error: unrecognized command line option '-V'
gcc: fatal error: no input files
compilation terminated.
configure:3392: $? = 1
configure:3381: gcc -qversion >&5
gcc: error: unrecognized command line option '-qversion'
gcc: fatal error: no input files
compilation terminated.
configure:3392: $? = 1
configure:3412: checking whether the C compiler works
configure:3434: gcc    conftest.c  >&5
configure:3438: $? = 0
configure:3486: result: yes
configure:3489: checking for C compiler default output file name
configure:3491: result: a.out
configure:3497: checking for suffix of executables
configure:3504: gcc -o conftest    conftest.c  >&5
configure:3508: $? = 0
configure:3530: result: 
configure:3552: checking whether we are cross compiling
configure:3560: gcc -o conftest    conftest.c  >&5
configure:3564: $? = 0
configure:3571: ./conftest
configure:3575: $? = 0
configure:3590: result: no
configure:3595: checking for suffix of object files
configure:3617: gcc -c   conftest.c >&5
configure:3621: $? = 0
configure:3642: result: o
configure:3646: checking whether we are using the GNU C compiler
configure:3665: gcc -c   conftest.c >&5
configure:3665: $? = 0
configure:3674: result: yes
configure:3683: checking whether gcc accepts -g
configure:3703: gcc -c -g  conftest.c >&5
configure:3703: $? = 0
configure:3744: result: yes
configure:3761: checking for gcc option to accept ISO C89
configure:3824: gcc  -c -g -O2  conftest.c >&5
configure:3824: $? = 0
configure:3837: result: none needed
configure:3859: checking dependency style of gcc
configure:3970: result: gcc3
configure:3985: checking for a sed that does not truncate output
configure:4049: result: /bin/sed
configure:4067: checking for grep that handles long lines and -e
configure:4125: result: /bin/grep
configure:4130: checking for egrep
configure:4192: result: /bin/grep -E
configure:4197: checking for fgrep
configure:4259: result: /bin/grep -F
configure:4294: checking for ld used by gcc
configure:4361: result: /usr/bin/ld
configure:4368: checking if the linker (/usr/bin/ld) is GNU ld
configure:4383: result: yes
configure:4395: checking for BSD- or MS-compatible name lister (nm)
configure:4444: result: /usr/bin/nm -B
configure:4574: checking the name lister (/usr/bin/nm -B) interface
configure:4581: gcc -c -g -O2  conftest.c >&5
configure:4584: /usr/bin/nm -B "conftest.o"
configure:4587: output
00000000 B some_variable
configure:4594: result: BSD nm
configure:4597: checking whether ln -s works
configure:4601: result: yes
configure:4609: checking the maximum length of command line arguments
configure:4739: result: 805306365
configure:4756: checking whether the shell understands some XSI constructs
configure:4766: result: yes
configure:4770: checking whether the shell understands "+="
configure:4776: result: yes
configure:4811: checking how to convert i686-pc-linux-gnu file names to i686-pc-linux-gnu format
configure:4851: result: func_convert_file_noop
configure:4858: checking how to convert i686-pc-linux-gnu file names to toolchain format
configure:4878: result: func_convert_file_noop
configure:4885: checking for /usr/bin/ld option to reload object files
configure:4892: result: -r
configure:4966: checking for objdump
configure:4982: found /usr/bin/objdump
configure:4993: result: objdump
configure:5025: checking how to recognize dependent libraries
configure:5227: result: pass_all
configure:5312: checking for dlltool
configure:5342: result: no
configure:5372: checking how to associate runtime and link libraries
configure:5399: result: printf %s\n
configure:5460: checking for ar
configure:5476: found /usr/bin/ar
configure:5487: result: ar
configure:5524: checking for archiver @FILE support
configure:5541: gcc -c -g -O2  conftest.c >&5
configure:5541: $? = 0
configure:5544: ar cru libconftest.a @conftest.lst >&5
ar: `u' modifier ignored since `D' is the default (see `U')
configure:5547: $? = 0
configure:5552: ar cru libconftest.a @conftest.lst >&5
ar: `u' modifier ignored since `D' is the default (see `U')
ar: conftest.o: No such file or directory
configure:5555: $? = 1
configure:5567: result: @
configure:5625: checking for strip
configure:5641: found /usr/bin/strip
configure:5652: result: strip
configure:5724: checking for ranlib
configure:5740: found /usr/bin/ranlib
configure:5751: result: ranlib
configure:5853: checking command to parse /usr/bin/nm -B output from gcc object
configure:5973: gcc -c -g -O2  conftest.c >&5
configure:5976: $? = 0
configure:5980: /usr/bin/nm -B conftest.o \| sed -n -e 's/^.*[ ]\([ABCDGIRSTW][ABCDGIRSTW]*\)[ ][ ]*\([_A-Za-z][_A-Za-z0-9]*\)$/\1 \2 \2/p' | sed '/ __gnu_lto/d' \> conftest.nm
configure:5983: $? = 0
configure:6049: gcc -o conftest -g -O2   conftest.c conftstm.o >&5
configure:6052: $? = 0
configure:6090: result: ok
configure:6127: checking for sysroot
configure:6157: result: no
configure:6413: checking for mt
configure:6429: found /bin/mt
configure:6440: result: mt
configure:6463: checking if mt is a manifest tool
configure:6469: mt '-?'
configure:6477: result: no
configure:7119: checking how to run the C preprocessor
configure:7150: gcc -E  conftest.c
configure:7150: $? = 0
configure:7164: gcc -E  conftest.c
conftest.c:11:28: fatal error: ac_nonexistent.h: No such file or directory
compilation terminated.
configure:7164: $? = 1
configure: failed program was:
| /* confdefs.h */
| #define PACKAGE_NAME "xneur"
| #define PACKAGE_TARNAME "xneur"
| #define PACKAGE_VERSION "0.19.0"
| #define PACKAGE_STRING "xneur 0.19.0"
| #define PACKAGE_BUGREPORT ""
| #define PACKAGE_URL ""
| #define PACKAGE "xneur"
| #define VERSION "0.19.0"
| /* end confdefs.h.  */
| #include <ac_nonexistent.h>
configure:7189: result: gcc -E
configure:7209: gcc -E  conftest.c
configure:7209: $? = 0
configure:7223: gcc -E  conftest.c
conftest.c:11:28: fatal error: ac_nonexistent.h: No such file or directory
compilation terminated.
configure:7223: $? = 1
configure: failed program was:
| /* confdefs.h */
| #define PACKAGE_NAME "xneur"
| #define PACKAGE_TARNAME "xneur"
| #define PACKAGE_VERSION "0.19.0"
| #define PACKAGE_STRING "xneur 0.19.0"
| #define PACKAGE_BUGREPORT ""
| #define PACKAGE_URL ""
| #define PACKAGE "xneur"
| #define VERSION "0.19.0"
| /* end confdefs.h.  */
| #include <ac_nonexistent.h>
configure:7252: checking for ANSI C header files
configure:7272: gcc -c -g -O2  conftest.c >&5
configure:7272: $? = 0
configure:7345: gcc -o conftest -g -O2   conftest.c  >&5
configure:7345: $? = 0
configure:7345: ./conftest
configure:7345: $? = 0
configure:7356: result: yes
configure:7369: checking for sys/types.h
configure:7369: gcc -c -g -O2  conftest.c >&5
configure:7369: $? = 0
configure:7369: result: yes
configure:7369: checking for sys/stat.h
configure:7369: gcc -c -g -O2  conftest.c >&5
configure:7369: $? = 0
configure:7369: result: yes
configure:7369: checking for stdlib.h
configure:7369: gcc -c -g -O2  conftest.c >&5
configure:7369: $? = 0
configure:7369: result: yes
configure:7369: checking for string.h
configure:7369: gcc -c -g -O2  conftest.c >&5
configure:7369: $? = 0
configure:7369: result: yes
configure:7369: checking for memory.h
configure:7369: gcc -c -g -O2  conftest.c >&5
configure:7369: $? = 0
configure:7369: result: yes
configure:7369: checking for strings.h
configure:7369: gcc -c -g -O2  conftest.c >&5
configure:7369: $? = 0
configure:7369: result: yes
configure:7369: checking for inttypes.h
configure:7369: gcc -c -g -O2  conftest.c >&5
configure:7369: $? = 0
configure:7369: result: yes
configure:7369: checking for stdint.h
configure:7369: gcc -c -g -O2  conftest.c >&5
configure:7369: $? = 0
configure:7369: result: yes
configure:7369: checking for unistd.h
configure:7369: gcc -c -g -O2  conftest.c >&5
configure:7369: $? = 0
configure:7369: result: yes
configure:7383: checking for dlfcn.h
configure:7383: gcc -c -g -O2  conftest.c >&5
configure:7383: $? = 0
configure:7383: result: yes
configure:7589: checking for objdir
configure:7604: result: .libs
configure:7871: checking if gcc supports -fno-rtti -fno-exceptions
configure:7889: gcc -c -g -O2  -fno-rtti -fno-exceptions conftest.c >&5
cc1: warning: command line option '-fno-rtti' is valid for C++/ObjC++ but not for C
configure:7893: $? = 0
configure:7906: result: no
configure:8233: checking for gcc option to produce PIC
configure:8240: result: -fPIC -DPIC
configure:8248: checking if gcc PIC flag -fPIC -DPIC works
configure:8266: gcc -c -g -O2  -fPIC -DPIC -DPIC conftest.c >&5
configure:8270: $? = 0
configure:8283: result: yes
configure:8312: checking if gcc static flag -static works
configure:8340: result: yes
configure:8355: checking if gcc supports -c -o file.o
configure:8376: gcc -c -g -O2  -o out/conftest2.o conftest.c >&5
configure:8380: $? = 0
configure:8402: result: yes
configure:8410: checking if gcc supports -c -o file.o
configure:8457: result: yes
configure:8490: checking whether the gcc linker (/usr/bin/ld) supports shared libraries
configure:9647: result: yes
configure:9684: checking whether -lc should be explicitly linked in
configure:9692: gcc -c -g -O2  conftest.c >&5
configure:9695: $? = 0
configure:9710: gcc -shared  -fPIC -DPIC conftest.o  -v -Wl,-soname -Wl,conftest -o conftest 2\>\&1 \| /bin/grep  -lc  \>/dev/null 2\>\&1
configure:9713: $? = 0
configure:9727: result: no
configure:9887: checking dynamic linker characteristics
configure:10398: gcc -o conftest -g -O2   -Wl,-rpath -Wl,/foo conftest.c  >&5
configure:10398: $? = 0
configure:10632: result: GNU/Linux ld.so
configure:10739: checking how to hardcode library paths into programs
configure:10764: result: immediate
configure:11304: checking whether stripping libraries is possible
configure:11309: result: yes
configure:11344: checking if libtool supports shared libraries
configure:11346: result: yes
configure:11349: checking whether to build shared libraries
configure:11370: result: yes
configure:11373: checking whether to build static libraries
configure:11377: result: yes
configure:11423: checking whether gcc and cc understand -c and -o together
configure:11454: gcc -c conftest.c -o conftest2.o >&5
configure:11458: $? = 0
configure:11464: gcc -c conftest.c -o conftest2.o >&5
configure:11468: $? = 0
configure:11479: cc -c conftest.c >&5
configure:11483: $? = 0
configure:11491: cc -c conftest.c -o conftest2.o >&5
configure:11495: $? = 0
configure:11501: cc -c conftest.c -o conftest2.o >&5
configure:11505: $? = 0
configure:11523: result: yes
configure:11548: checking whether make sets $(MAKE)
configure:11570: result: yes
configure:11580: checking for ANSI C header files
configure:11684: result: yes
configure:11747: checking for pkg-config
configure:11765: found /usr/bin/pkg-config
configure:11777: result: /usr/bin/pkg-config
configure:11802: checking pkg-config is at least version 0.20
configure:11805: result: yes
configure:11816: checking whether NLS is requested
configure:11825: result: yes
configure:11866: checking for msgfmt
configure: trying /usr/bin/msgfmt...
0 translated messages.
configure:11898: result: /usr/bin/msgfmt
configure:11907: checking for gmsgfmt
configure:11938: result: /usr/bin/msgfmt
configure:11989: checking for xgettext
configure: trying /usr/bin/xgettext...
/usr/bin/xgettext: warning: file `/dev/null' extension `' is unknown; will try C
configure:12021: result: /usr/bin/xgettext
configure:12067: checking for msgmerge
configure: trying /usr/bin/msgmerge...
configure:12098: result: /usr/bin/msgmerge
configure:12155: checking for ld used by GCC
configure:12219: result: /usr/bin/ld
configure:12226: checking if the linker (/usr/bin/ld) is GNU ld
configure:12239: result: yes
configure:12246: checking for shared library run path origin
configure:12259: result: done
configure:12831: checking for CFPreferencesCopyAppValue
configure:12849: gcc -o conftest -g -O2   conftest.c  -Wl,-framework -Wl,CoreFoundation >&5
conftest.c:24:42: fatal error: CoreFoundation/CFPreferences.h: No such file or directory
compilation terminated.
configure:12849: $? = 1
configure: failed program was:
| /* confdefs.h */
| #define PACKAGE_NAME "xneur"
| #define PACKAGE_TARNAME "xneur"
| #define PACKAGE_VERSION "0.19.0"
| #define PACKAGE_STRING "xneur 0.19.0"
| #define PACKAGE_BUGREPORT ""
| #define PACKAGE_URL ""
| #define PACKAGE "xneur"
| #define VERSION "0.19.0"
| #define STDC_HEADERS 1
| #define HAVE_SYS_TYPES_H 1
| #define HAVE_SYS_STAT_H 1
| #define HAVE_STDLIB_H 1
| #define HAVE_STRING_H 1
| #define HAVE_MEMORY_H 1
| #define HAVE_STRINGS_H 1
| #define HAVE_INTTYPES_H 1
| #define HAVE_STDINT_H 1
| #define HAVE_UNISTD_H 1
| #define HAVE_DLFCN_H 1
| #define LT_OBJDIR ".libs/"
| #define STDC_HEADERS 1
| /* end confdefs.h.  */
| #include <CoreFoundation/CFPreferences.h>
| int
| main ()
| {
| CFPreferencesCopyAppValue(NULL, NULL)
|   ;
|   return 0;
| }
configure:12858: result: no
configure:12865: checking for CFLocaleCopyCurrent
configure:12883: gcc -o conftest -g -O2   conftest.c  -Wl,-framework -Wl,CoreFoundation >&5
conftest.c:24:37: fatal error: CoreFoundation/CFLocale.h: No such file or directory
compilation terminated.
configure:12883: $? = 1
configure: failed program was:
| /* confdefs.h */
| #define PACKAGE_NAME "xneur"
| #define PACKAGE_TARNAME "xneur"
| #define PACKAGE_VERSION "0.19.0"
| #define PACKAGE_STRING "xneur 0.19.0"
| #define PACKAGE_BUGREPORT ""
| #define PACKAGE_URL ""
| #define PACKAGE "xneur"
| #define VERSION "0.19.0"
| #define STDC_HEADERS 1
| #define HAVE_SYS_TYPES_H 1
| #define HAVE_SYS_STAT_H 1
| #define HAVE_STDLIB_H 1
| #define HAVE_STRING_H 1
| #define HAVE_MEMORY_H 1
| #define HAVE_STRINGS_H 1
| #define HAVE_INTTYPES_H 1
| #define HAVE_STDINT_H 1
| #define HAVE_UNISTD_H 1
| #define HAVE_DLFCN_H 1
| #define LT_OBJDIR ".libs/"
| #define STDC_HEADERS 1
| /* end confdefs.h.  */
| #include <CoreFoundation/CFLocale.h>
| int
| main ()
| {
| CFLocaleCopyCurrent();
|   ;
|   return 0;
| }
configure:12892: result: no
configure:12941: checking for GNU gettext in libc
configure:12961: gcc -o conftest -g -O2   conftest.c  >&5
configure:12961: $? = 0
configure:12970: result: yes
configure:13761: checking whether to use NLS
configure:13763: result: yes
configure:13766: checking where the gettext function comes from
configure:13777: result: libc
configure:13837: checking sys/io.h usability
configure:13837: gcc -c -g -O2  conftest.c >&5
configure:13837: $? = 0
configure:13837: result: yes
configure:13837: checking sys/io.h presence
configure:13837: gcc -E  conftest.c
configure:13837: $? = 0
configure:13837: result: yes
configure:13837: checking for sys/io.h
configure:13837: result: yes
configure:13850: checking zlib.h usability
configure:13850: gcc -c -g -O2  conftest.c >&5
configure:13850: $? = 0
configure:13850: result: yes
configure:13850: checking zlib.h presence
configure:13850: gcc -E  conftest.c
configure:13850: $? = 0
configure:13850: result: yes
configure:13850: checking for zlib.h
configure:13850: result: yes
configure:13869: checking for X11
configure:13876: $PKG_CONFIG --exists --print-errors "x11 >= 1.1"
configure:13879: $? = 0
configure:13893: $PKG_CONFIG --exists --print-errors "x11 >= 1.1"
configure:13896: $? = 0
configure:13934: result: yes
configure:13940: checking for Xi
configure:13947: $PKG_CONFIG --exists --print-errors "xi"
configure:13950: $? = 0
configure:13964: $PKG_CONFIG --exists --print-errors "xi"
configure:13967: $? = 0
configure:14025: result: yes
configure:14781: checking for GSTREAMER
configure:14788: $PKG_CONFIG --exists --print-errors "gstreamer-1.0 >= 1.2.4"
Package gstreamer-1.0 was not found in the pkg-config search path.
Perhaps you should add the directory containing `gstreamer-1.0.pc'
to the PKG_CONFIG_PATH environment variable
No package 'gstreamer-1.0' found
configure:14791: $? = 1
configure:14805: $PKG_CONFIG --exists --print-errors "gstreamer-1.0 >= 1.2.4"
Package gstreamer-1.0 was not found in the pkg-config search path.
Perhaps you should add the directory containing `gstreamer-1.0.pc'
to the PKG_CONFIG_PATH environment variable
No package 'gstreamer-1.0' found
configure:14808: $? = 1
configure:14822: result: no
No package 'gstreamer-1.0' found
configure:14853: checking for GSTREAMER
configure:14860: $PKG_CONFIG --exists --print-errors "gstreamer-0.10 >= 0.10.6"
configure:14863: $? = 0
configure:14877: $PKG_CONFIG --exists --print-errors "gstreamer-0.10 >= 0.10.6"
configure:14880: $? = 0
configure:14938: result: yes
configure:15093: checking for PCRE
configure:15100: $PKG_CONFIG --exists --print-errors "libpcre >= 5.0"
configure:15103: $? = 0
configure:15117: $PKG_CONFIG --exists --print-errors "libpcre >= 5.0"
configure:15120: $? = 0
configure:15178: result: yes
configure:15210: checking for ENCHANT
configure:15217: $PKG_CONFIG --exists --print-errors "enchant >= 1.0"
configure:15220: $? = 0
configure:15234: $PKG_CONFIG --exists --print-errors "enchant >= 1.0"
configure:15237: $? = 0
configure:15295: result: yes
configure:15379: checking for xosd-config bin
configure:15382: result: found at /usr/bin
configure:15496: checking for GTK
configure:15503: $PKG_CONFIG --exists --print-errors "gtk+-3.0"
configure:15506: $? = 0
configure:15520: $PKG_CONFIG --exists --print-errors "gtk+-3.0"
configure:15523: $? = 0
configure:15561: result: yes
configure:15573: checking for LIBNOTIFY
configure:15580: $PKG_CONFIG --exists --print-errors "libnotify >= 0.4.0"
configure:15583: $? = 0
configure:15597: $PKG_CONFIG --exists --print-errors "libnotify >= 0.4.0"
configure:15600: $? = 0
configure:15658: result: yes
configure:15815: creating ./config.status

## ---------------- ##
## Cache variables. ##
## ---------------- ##

ac_cv_build=i686-pc-linux-gnu
ac_cv_c_compiler_gnu=yes
ac_cv_env_CC_set=
ac_cv_env_CC_value=
ac_cv_env_CFLAGS_set=
ac_cv_env_CFLAGS_value=
ac_cv_env_CPPFLAGS_set=
ac_cv_env_CPPFLAGS_value=
ac_cv_env_CPP_set=
ac_cv_env_CPP_value=
ac_cv_env_ENCHANT_CFLAGS_set=
ac_cv_env_ENCHANT_CFLAGS_value=
ac_cv_env_ENCHANT_LIBS_set=
ac_cv_env_ENCHANT_LIBS_value=
ac_cv_env_FREEALUT_CFLAGS_set=
ac_cv_env_FREEALUT_CFLAGS_value=
ac_cv_env_FREEALUT_LIBS_set=
ac_cv_env_FREEALUT_LIBS_value=
ac_cv_env_GSTREAMER_CFLAGS_set=
ac_cv_env_GSTREAMER_CFLAGS_value=
ac_cv_env_GSTREAMER_LIBS_set=
ac_cv_env_GSTREAMER_LIBS_value=
ac_cv_env_GTK_CFLAGS_set=
ac_cv_env_GTK_CFLAGS_value=
ac_cv_env_GTK_LIBS_set=
ac_cv_env_GTK_LIBS_value=
ac_cv_env_LDFLAGS_set=
ac_cv_env_LDFLAGS_value=
ac_cv_env_LIBNOTIFY_CFLAGS_set=
ac_cv_env_LIBNOTIFY_CFLAGS_value=
ac_cv_env_LIBNOTIFY_LIBS_set=
ac_cv_env_LIBNOTIFY_LIBS_value=
ac_cv_env_LIBS_set=
ac_cv_env_LIBS_value=
ac_cv_env_PCRE_CFLAGS_set=
ac_cv_env_PCRE_CFLAGS_value=
ac_cv_env_PCRE_LIBS_set=
ac_cv_env_PCRE_LIBS_value=
ac_cv_env_PKG_CONFIG_LIBDIR_set=
ac_cv_env_PKG_CONFIG_LIBDIR_value=
ac_cv_env_PKG_CONFIG_PATH_set=
ac_cv_env_PKG_CONFIG_PATH_value=
ac_cv_env_PKG_CONFIG_set=
ac_cv_env_PKG_CONFIG_value=
ac_cv_env_X11_CFLAGS_set=
ac_cv_env_X11_CFLAGS_value=
ac_cv_env_X11_LIBS_set=
ac_cv_env_X11_LIBS_value=
ac_cv_env_XMKMF_set=
ac_cv_env_XMKMF_value=
ac_cv_env_Xi_CFLAGS_set=
ac_cv_env_Xi_CFLAGS_value=
ac_cv_env_Xi_LIBS_set=
ac_cv_env_Xi_LIBS_value=
ac_cv_env_build_alias_set=
ac_cv_env_build_alias_value=
ac_cv_env_host_alias_set=
ac_cv_env_host_alias_value=
ac_cv_env_target_alias_set=
ac_cv_env_target_alias_value=
ac_cv_header_dlfcn_h=yes
ac_cv_header_inttypes_h=yes
ac_cv_header_memory_h=yes
ac_cv_header_stdc=yes
ac_cv_header_stdint_h=yes
ac_cv_header_stdlib_h=yes
ac_cv_header_string_h=yes
ac_cv_header_strings_h=yes
ac_cv_header_sys_io_h=yes
ac_cv_header_sys_stat_h=yes
ac_cv_header_sys_types_h=yes
ac_cv_header_unistd_h=yes
ac_cv_header_zlib_h=yes
ac_cv_host=i686-pc-linux-gnu
ac_cv_objext=o
ac_cv_path_EGREP='/bin/grep -E'
ac_cv_path_FGREP='/bin/grep -F'
ac_cv_path_GMSGFMT=/usr/bin/msgfmt
ac_cv_path_GREP=/bin/grep
ac_cv_path_MSGFMT=/usr/bin/msgfmt
ac_cv_path_MSGMERGE=/usr/bin/msgmerge
ac_cv_path_SED=/bin/sed
ac_cv_path_XGETTEXT=/usr/bin/xgettext
ac_cv_path_ac_pt_PKG_CONFIG=/usr/bin/pkg-config
ac_cv_path_install='/usr/bin/install -c'
ac_cv_path_mkdir=/bin/mkdir
ac_cv_prog_AWK=mawk
ac_cv_prog_CPP='gcc -E'
ac_cv_prog_ac_ct_AR=ar
ac_cv_prog_ac_ct_CC=gcc
ac_cv_prog_ac_ct_MANIFEST_TOOL=mt
ac_cv_prog_ac_ct_OBJDUMP=objdump
ac_cv_prog_ac_ct_RANLIB=ranlib
ac_cv_prog_ac_ct_STRIP=strip
ac_cv_prog_cc_c89=
ac_cv_prog_cc_g=yes
ac_cv_prog_cc_gcc_c_o=yes
ac_cv_prog_make_make_set=yes
acl_cv_hardcode_direct=no
acl_cv_hardcode_libdir_flag_spec='${wl}-rpath ${wl}$libdir'
acl_cv_hardcode_libdir_separator=
acl_cv_hardcode_minus_L=no
acl_cv_libext=a
acl_cv_path_LD=/usr/bin/ld
acl_cv_prog_gnu_ld=yes
acl_cv_rpath=done
acl_cv_shlibext=so
acl_cv_wl=-Wl,
am_cv_CC_dependencies_compiler_type=gcc3
gt_cv_func_CFLocaleCopyCurrent=no
gt_cv_func_CFPreferencesCopyAppValue=no
gt_cv_func_gnugettext1_libc=yes
lt_cv_ar_at_file=@
lt_cv_archive_cmds_need_lc=no
lt_cv_deplibs_check_method=pass_all
lt_cv_file_magic_cmd='$MAGIC_CMD'
lt_cv_file_magic_test_file=
lt_cv_ld_reload_flag=-r
lt_cv_nm_interface='BSD nm'
lt_cv_objdir=.libs
lt_cv_path_LD=/usr/bin/ld
lt_cv_path_NM='/usr/bin/nm -B'
lt_cv_path_mainfest_tool=no
lt_cv_prog_compiler_c_o=yes
lt_cv_prog_compiler_pic='-fPIC -DPIC'
lt_cv_prog_compiler_pic_works=yes
lt_cv_prog_compiler_rtti_exceptions=no
lt_cv_prog_compiler_static_works=yes
lt_cv_prog_gnu_ld=yes
lt_cv_sharedlib_from_linklib_cmd='printf %s\n'
lt_cv_shlibpath_overrides_runpath=no
lt_cv_sys_global_symbol_pipe='sed -n -e '\''s/^.*[	 ]\([ABCDGIRSTW][ABCDGIRSTW]*\)[	 ][	 ]*\([_A-Za-z][_A-Za-z0-9]*\)$/\1 \2 \2/p'\'' | sed '\''/ __gnu_lto/d'\'''
lt_cv_sys_global_symbol_to_c_name_address='sed -n -e '\''s/^: \([^ ]*\)[ ]*$/  {\"\1\", (void *) 0},/p'\'' -e '\''s/^[ABCDGIRSTW]* \([^ ]*\) \([^ ]*\)$/  {"\2", (void *) \&\2},/p'\'''
lt_cv_sys_global_symbol_to_c_name_address_lib_prefix='sed -n -e '\''s/^: \([^ ]*\)[ ]*$/  {\"\1\", (void *) 0},/p'\'' -e '\''s/^[ABCDGIRSTW]* \([^ ]*\) \(lib[^ ]*\)$/  {"\2", (void *) \&\2},/p'\'' -e '\''s/^[ABCDGIRSTW]* \([^ ]*\) \([^ ]*\)$/  {"lib\2", (void *) \&\2},/p'\'''
lt_cv_sys_global_symbol_to_cdecl='sed -n -e '\''s/^T .* \(.*\)$/extern int \1();/p'\'' -e '\''s/^[ABCDGIRSTW]* .* \(.*\)$/extern char \1;/p'\'''
lt_cv_sys_max_cmd_len=805306365
lt_cv_to_host_file_cmd=func_convert_file_noop
lt_cv_to_tool_file_cmd=func_convert_file_noop
pkg_cv_ENCHANT_CFLAGS='-pthread -I/usr/include/glib-2.0 -I/usr/lib/i386-linux-gnu/glib-2.0/include -I/usr/include/enchant  '
pkg_cv_ENCHANT_LIBS='-lenchant  '
pkg_cv_GSTREAMER_CFLAGS='-pthread -I/usr/include/gstreamer-0.10 -I/usr/include/glib-2.0 -I/usr/lib/i386-linux-gnu/glib-2.0/include -I/usr/include/libxml2  '
pkg_cv_GSTREAMER_LIBS='-pthread -lgstreamer-0.10 -lgobject-2.0 -lgmodule-2.0 -lgthread-2.0 -lrt -lxml2 -lglib-2.0  '
pkg_cv_GTK_CFLAGS='-pthread -I/usr/include/gtk-3.0 -I/usr/include/pango-1.0 -I/usr/include/gio-unix-2.0/ -I/usr/include/atk-1.0 -I/usr/include/cairo -I/usr/include/gdk-pixbuf-2.0 -I/usr/include/freetype2 -I/usr/include/glib-2.0 -I/usr/lib/i386-linux-gnu/glib-2.0/include -I/usr/include/pixman-1 -I/usr/include/libpng12  '
pkg_cv_GTK_LIBS='-lgtk-3 -lgdk-3 -latk-1.0 -lgio-2.0 -lpangocairo-1.0 -lgdk_pixbuf-2.0 -lcairo-gobject -lpango-1.0 -lcairo -lgobject-2.0 -lglib-2.0  '
pkg_cv_LIBNOTIFY_CFLAGS='-pthread -I/usr/include/gdk-pixbuf-2.0 -I/usr/include/glib-2.0 -I/usr/lib/i386-linux-gnu/glib-2.0/include -I/usr/include/libpng12  '
pkg_cv_LIBNOTIFY_LIBS='-lnotify -lgdk_pixbuf-2.0 -lgio-2.0 -lgobject-2.0 -lglib-2.0  '
pkg_cv_PCRE_CFLAGS=' '
pkg_cv_PCRE_LIBS='-lpcre  '
pkg_cv_X11_CFLAGS=' '
pkg_cv_X11_LIBS='-lX11  '
pkg_cv_Xi_CFLAGS=' '
pkg_cv_Xi_LIBS='-lXi  '

## ----------------- ##
## Output variables. ##
## ----------------- ##

ACLOCAL='${SHELL} /home/nickolaus/git/xneur-devel/xneur/missing --run aclocal-1.11'
ADDITIONAL_LIBS='-lpthread -ldl'
AMDEPBACKSLASH='\'
AMDEP_FALSE='#'
AMDEP_TRUE=''
AMTAR='$${TAR-tar}'
APLAY_LIBS=''
AR='ar'
ASPELL_CFLAGS=''
ASPELL_LIBS=''
AUTOCONF='${SHELL} /home/nickolaus/git/xneur-devel/xneur/missing --run autoconf'
AUTOHEADER='${SHELL} /home/nickolaus/git/xneur-devel/xneur/missing --run autoheader'
AUTOMAKE='${SHELL} /home/nickolaus/git/xneur-devel/xneur/missing --run automake-1.11'
AWK='mawk'
CC='gcc'
CCDEPMODE='depmode=gcc3'
CFLAGS='-g -O2'
CPP='gcc -E'
CPPFLAGS=''
CYGPATH_W='echo'
DEFAULT_CFLAGS='-Wall -Wextra -Werror -g0 -std=gnu99 -fPIC'
DEFS='-DHAVE_CONFIG_H'
DEPDIR='.deps'
DLLTOOL='false'
DSYMUTIL=''
DUMPBIN=''
ECHO_C=''
ECHO_N='-n'
ECHO_T=''
EGREP='/bin/grep -E'
ENCHANT_CFLAGS='-pthread -I/usr/include/glib-2.0 -I/usr/lib/i386-linux-gnu/glib-2.0/include -I/usr/include/enchant  '
ENCHANT_LIBS='-lenchant  '
EXEEXT=''
FGREP='/bin/grep -F'
FREEALUT_CFLAGS=''
FREEALUT_LIBS=''
GETTEXT_MACRO_VERSION='0.18'
GMSGFMT='/usr/bin/msgfmt'
GMSGFMT_015='/usr/bin/msgfmt'
GREP='/bin/grep'
GSTREAMER_CFLAGS='-pthread -I/usr/include/gstreamer-0.10 -I/usr/include/glib-2.0 -I/usr/lib/i386-linux-gnu/glib-2.0/include -I/usr/include/libxml2  '
GSTREAMER_LIBS='-pthread -lgstreamer-0.10 -lgobject-2.0 -lgmodule-2.0 -lgthread-2.0 -lrt -lxml2 -lglib-2.0  '
GTK_CFLAGS='-pthread -I/usr/include/gtk-3.0 -I/usr/include/pango-1.0 -I/usr/include/gio-unix-2.0/ -I/usr/include/atk-1.0 -I/usr/include/cairo -I/usr/include/gdk-pixbuf-2.0 -I/usr/include/freetype2 -I/usr/include/glib-2.0 -I/usr/lib/i386-linux-gnu/glib-2.0/include -I/usr/include/pixman-1 -I/usr/include/libpng12  '
GTK_LIBS='-lgtk-3 -lgdk-3 -latk-1.0 -lgio-2.0 -lpangocairo-1.0 -lgdk_pixbuf-2.0 -lcairo-gobject -lpango-1.0 -lcairo -lgobject-2.0 -lglib-2.0  '
INSTALL_DATA='${INSTALL} -m 644'
INSTALL_PROGRAM='${INSTALL}'
INSTALL_SCRIPT='${INSTALL}'
INSTALL_STRIP_PROGRAM='$(install_sh) -c -s'
INTLLIBS=''
INTL_MACOSX_LIBS=''
LD='/usr/bin/ld'
LDFLAGS=''
LIBICONV='-liconv'
LIBINTL=''
LIBNOTIFY_CFLAGS='-pthread -I/usr/include/gdk-pixbuf-2.0 -I/usr/include/glib-2.0 -I/usr/lib/i386-linux-gnu/glib-2.0/include -I/usr/include/libpng12  '
LIBNOTIFY_LIBS='-lnotify -lgdk_pixbuf-2.0 -lgio-2.0 -lgobject-2.0 -lglib-2.0  '
LIBOBJS=''
LIBS=''
LIBTOOL='$(SHELL) $(top_builddir)/libtool'
LIPO=''
LN_S='ln -s'
LTLIBICONV='-liconv'
LTLIBINTL=''
LTLIBOBJS=''
MAKEINFO='${SHELL} /home/nickolaus/git/xneur-devel/xneur/missing --run makeinfo'
MANIFEST_TOOL=':'
MKDIR_P='/bin/mkdir -p'
MSGFMT='/usr/bin/msgfmt'
MSGFMT_015='/usr/bin/msgfmt'
MSGMERGE='/usr/bin/msgmerge'
NM='/usr/bin/nm -B'
NMEDIT=''
OBJDUMP='objdump'
OBJEXT='o'
OTOOL64=''
OTOOL=''
PACKAGE='xneur'
PACKAGE_BUGREPORT=''
PACKAGE_NAME='xneur'
PACKAGE_STRING='xneur 0.19.0'
PACKAGE_TARNAME='xneur'
PACKAGE_URL=''
PACKAGE_VERSION='0.19.0'
PATH_SEPARATOR=':'
PCRE_CFLAGS=' '
PCRE_LIBS='-lpcre  '
PKG_CONFIG='/usr/bin/pkg-config'
PKG_CONFIG_LIBDIR=''
PKG_CONFIG_PATH=''
POSUB='po'
RANLIB='ranlib'
SED='/bin/sed'
SET_MAKE=''
SHELL='/bin/bash'
STRIP='strip'
USE_NLS='yes'
VERSION='0.19.0'
X11_CFLAGS=' '
X11_LIBS=' -lX11 -lXi'
XGETTEXT='/usr/bin/xgettext'
XGETTEXT_015='/usr/bin/xgettext'
XGETTEXT_EXTRA_OPTIONS=''
XMKMF=''
XOSD_CFLAGS='-g -O2 -Wall -I/usr/include'
XOSD_LIBS='-L/usr/lib -lxosd -lpthread -lXext -lX11 -lXinerama'
X_CFLAGS=''
X_EXTRA_LIBS=''
X_LIBS=''
X_PRE_LIBS=''
Xi_CFLAGS=' '
Xi_LIBS='-lXi  '
Z_LIBS='-lz'
ac_ct_AR='ar'
ac_ct_CC='gcc'
ac_ct_DUMPBIN=''
am__EXEEXT_FALSE=''
am__EXEEXT_TRUE='#'
am__fastdepCC_FALSE='#'
am__fastdepCC_TRUE=''
am__include='include'
am__isrc=''
am__leading_dot='.'
am__nodep='_no'
am__quote=''
am__tar='$${TAR-tar} chof - "$$tardir"'
am__untar='$${TAR-tar} xf -'
bindir='${exec_prefix}/bin'
build='i686-pc-linux-gnu'
build_alias=''
build_cpu='i686'
build_os='linux-gnu'
build_vendor='pc'
datadir='${datarootdir}'
datarootdir='${prefix}/share'
docdir='${datarootdir}/doc/${PACKAGE_TARNAME}'
dvidir='${docdir}'
exec_prefix='${prefix}'
host='i686-pc-linux-gnu'
host_alias=''
host_cpu='i686'
host_os='linux-gnu'
host_vendor='pc'
htmldir='${docdir}'
includedir='${prefix}/include'
infodir='${datarootdir}/info'
install_sh='${SHELL} /home/nickolaus/git/xneur-devel/xneur/install-sh'
libdir='${exec_prefix}/lib'
libexecdir='${exec_prefix}/libexec'
localedir='${datarootdir}/locale'
localstatedir='${prefix}/var'
mandir='${datarootdir}/man'
mkdir_p='/bin/mkdir -p'
oldincludedir='/usr/include'
pdfdir='${docdir}'
prefix='/usr/local'
program_transform_name='s,x,x,'
psdir='${docdir}'
sbindir='${exec_prefix}/sbin'
sharedstatedir='${prefix}/com'
sysconfdir='${prefix}/etc'
target_alias=''

## ----------- ##
## confdefs.h. ##
## ----------- ##

/* confdefs.h */
#define PACKAGE_NAME "xneur"
#define PACKAGE_TARNAME "xneur"
#define PACKAGE_VERSION "0.19.0"
#define PACKAGE_STRING "xneur 0.19.0"
#define PACKAGE_BUGREPORT ""
#define PACKAGE_URL ""
#define PACKAGE "xneur"
#define VERSION "0.19.0"
#define STDC_HEADERS 1
#define HAVE_SYS_TYPES_H 1
#define HAVE_SYS_STAT_H 1
#define HAVE_STDLIB_H 1
#define HAVE_STRING_H 1
#define HAVE_MEMORY_H 1
#define HAVE_STRINGS_H 1
#define HAVE_INTTYPES_H 1
#define HAVE_STDINT_H 1
#define HAVE_UNISTD_H 1
#define HAVE_DLFCN_H 1
#define LT_OBJDIR ".libs/"
#define STDC_HEADERS 1
#define ENABLE_NLS 1
#define HAVE_GETTEXT 1
#define HAVE_DCGETTEXT 1
#define HAVE_SYS_IO_H 1
#define HAVE_ZLIB_H 1
#define WITH_GSTREAMER 1
#define WITH_SOUND 1
#define WITH_KEYLOGGER 1
#define WITH_ENCHANT 1
#define WITH_XOSD 1
#define WITH_LIBNOTIFY 1
#define WITH_PLUGINS 1

configure: exit 0

## ---------------------- ##
## Running config.status. ##
## ---------------------- ##

This file was extended by xneur config.status 0.19.0, which was
generated by GNU Autoconf 2.69.  Invocation command line was

  CONFIG_FILES    = 
  CONFIG_HEADERS  = 
  CONFIG_LINKS    = 
  CONFIG_COMMANDS = 
  $ ./config.status 

on nicknout

config.status:1188: creating pixmaps/Makefile
config.status:1188: creating plugins/Makefile
config.status:1188: creating plugins/test/Makefile
config.status:1188: creating plugins/statistic/Makefile
config.status:1188: creating share/Makefile
config.status:1188: creating share/sounds/Makefile
config.status:1188: creating share/languages/Makefile
config.status:1188: creating share/languages/by/Makefile
config.status:1188: creating share/languages/bg/Makefile
config.status:1188: creating share/languages/cz/Makefile
config.status:1188: creating share/languages/de/Makefile
config.status:1188: creating share/languages/ge/Makefile
config.status:1188: creating share/languages/gr/Makefile
config.status:1188: creating share/languages/en/Makefile
config.status:1188: creating share/languages/es/Makefile
config.status:1188: creating share/languages/ee/Makefile
config.status:1188: creating share/languages/fr/Makefile
config.status:1188: creating share/languages/gb/Makefile
config.status:1188: creating share/languages/am/Makefile
config.status:1188: creating share/languages/kz/Makefile
config.status:1188: creating share/languages/lt/Makefile
config.status:1188: creating share/languages/lv/Makefile
config.status:1188: creating share/languages/pl/Makefile
config.status:1188: creating share/languages/ro/Makefile
config.status:1188: creating share/languages/ru/Makefile
config.status:1188: creating share/languages/ua/Makefile
config.status:1188: creating share/languages/us/Makefile
config.status:1188: creating share/languages/uz/Makefile
config.status:1188: creating etc/Makefile
config.status:1188: creating lib/Makefile
config.status:1188: creating lib/lib/Makefile
config.status:1188: creating lib/ai/Makefile
config.status:1188: creating lib/config/Makefile
config.status:1188: creating lib/misc/Makefile
config.status:1188: creating lib/notify/Makefile
config.status:1188: creating lib/main/Makefile
config.status:1188: creating src/Makefile
config.status:1188: creating po/Makefile.in
config.status:1188: creating Makefile
config.status:1188: creating xnconfig.pc
config.status:1188: creating xneur.pc
config.status:1188: creating config.h
config.status:1369: config.h is unchanged
config.status:1417: executing depfiles commands
config.status:1417: executing libtool commands
config.status:1417: executing po-directories commands
